BenchmarkSequential/524288-8         	       1	  74592125 ns/op
BenchmarkSequential/524288-8         	       1	  53395416 ns/op
BenchmarkSequential/524288-8         	       1	  53271916 ns/op
BenchmarkSequential/524288-8         	       1	  53246375 ns/op
BenchmarkSequential/524288-8         	       1	  53411208 ns/op
BenchmarkSequential/1048576-8        	       1	 110175959 ns/op
BenchmarkSequential/1048576-8        	       1	 108688083 ns/op
BenchmarkSequential/1048576-8        	       1	 109530166 ns/op
BenchmarkSequential/1048576-8        	       1	 108466834 ns/op
BenchmarkSequential/1048576-8        	       1	 108170375 ns/op
BenchmarkSequential/2097152-8        	       1	 224681250 ns/op
BenchmarkSequential/2097152-8        	       1	 223728708 ns/op
BenchmarkSequential/2097152-8        	       1	 224830500 ns/op
BenchmarkSequential/2097152-8        	       1	 223704084 ns/op
BenchmarkSequential/2097152-8        	       1	 224293333 ns/op
BenchmarkSequential/4194304-8        	       1	 467740209 ns/op
BenchmarkSequential/4194304-8        	       1	 466873666 ns/op
BenchmarkSequential/4194304-8        	       1	 466892917 ns/op
BenchmarkSequential/4194304-8        	       1	 463678125 ns/op
BenchmarkSequential/4194304-8        	       1	 465864875 ns/op
BenchmarkParallel/524288-8           	       1	 171448667 ns/op
BenchmarkParallel/524288-8           	       1	 169238291 ns/op
BenchmarkParallel/524288-8           	       1	 163112208 ns/op
BenchmarkParallel/524288-8           	       1	 163062666 ns/op
BenchmarkParallel/524288-8           	       1	 165687291 ns/op
BenchmarkParallel/1048576-8          	       1	 343754958 ns/op
BenchmarkParallel/1048576-8          	       1	 327061417 ns/op
BenchmarkParallel/1048576-8          	       1	 343593292 ns/op
BenchmarkParallel/1048576-8          	       1	 335855875 ns/op
BenchmarkParallel/1048576-8          	       1	 343339625 ns/op
BenchmarkParallel/2097152-8          	       1	 738953917 ns/op
BenchmarkParallel/2097152-8          	       1	 698873458 ns/op
BenchmarkParallel/2097152-8          	       1	 705260625 ns/op
BenchmarkParallel/2097152-8          	       1	 709205250 ns/op
BenchmarkParallel/2097152-8          	       1	 723218958 ns/op
BenchmarkParallel/4194304-8          	       1	1478604000 ns/op
BenchmarkParallel/4194304-8          	       1	1434594875 ns/op
BenchmarkParallel/4194304-8          	       1	1411682834 ns/op
BenchmarkParallel/4194304-8          	       1	1407098584 ns/op
BenchmarkParallel/4194304-8          	       1	1440900292 ns/op
ok  	uk.ac.bris.cs/concurrency1/merge	18.087s
